<?xml version="1.0" encoding="UTF-8"?>
<!-- Generated by org.testng.reporters.JUnitXMLReporter -->
<testsuite ignored="1" hostname="Ameet" failures="0" tests="1" name="Default test" time="32.732" errors="0" timestamp="2024-12-05T20:09:47 IST">
  <testcase classname="testcases.RestAssured_TestCases_PL1" name="createAppointmentTest" time="32.362"/>
  <testcase classname="testcases.RestAssured_TestCases_PL1" name="getAllApplicableDoctorsTest" time="0.0">
    <ignored/>
  </testcase> <!-- getAllApplicableDoctorsTest -->
</testsuite> <!-- Default test -->
