<?xml version="1.0" encoding="UTF-8"?>
<!-- Generated by org.testng.reporters.JUnitXMLReporter -->
<testsuite ignored="0" hostname="Ameet" failures="0" tests="18" name="Test" time="143.468" errors="0" timestamp="2024-12-16T17:05:06 IST">
  <testcase classname="testcases.RestAssured_TestCases_PL1" name="createAppointmentTest" time="23.452"/>
  <testcase classname="testcases.RestAssured_TestCases_PL1" name="getAllApplicableDoctorsTest" time="2.314"/>
  <testcase classname="testcases.RestAssured_TestCases_PL1" name="clashAppointmentTest" time="1.538"/>
  <testcase classname="testcases.RestAssured_TestCases_PL1" name="searchPatientTest" time="1.851"/>
  <testcase classname="testcases.RestAssured_TestCases_PL1" name="bookingListTest" time="2.862"/>
  <testcase classname="testcases.RestAssured_TestCases_PL1" name="AllStockDetailsTest" time="14.098"/>
  <testcase classname="testcases.RestAssured_TestCases_PL1" name="MainStoreTest" time="1.99"/>
  <testcase classname="testcases.RestAssured_TestCases_PL1" name="PharmacyStoreTest" time="1.651"/>
  <testcase classname="testcases.RestAssured_TestCases_PL1" name="PatientConsumptionTest" time="2.414"/>
  <testcase classname="testcases.RestAssured_TestCases_PL1" name="ActivatePharmCountTest" time="2.843"/>
  <testcase classname="testcases.RestAssured_TestCases_PL1" name="DeactivatePharmCountTest" time="1.583"/>
  <testcase classname="testcases.RestAssured_TestCases_PL1" name="AppointApplicDeptTest" time="1.81"/>
  <testcase classname="testcases.RestAssured_TestCases_PL1" name="AdmittedPatientsData" time="1.868"/>
  <testcase classname="testcases.RestAssured_TestCases_PL1" name="addcurrencyTest" time="6.7"/>
  <testcase classname="testcases.RestAssured_TestCases_PL1" name="findMatchingPatientTest" time="2.13"/>
  <testcase classname="testcases.RestAssured_TestCases_PL1" name="getAllRegisteredPatientsTest" time="6.442"/>
  <testcase classname="testcases.RestAssured_TestCases_PL1" name="getAllBillingCounters" time="1.35"/>
  <testcase classname="testcases.RestAssured_TestCases_PL1" name="cancelAppointmentTest" time="1.775"/>
</testsuite> <!-- Test -->
