<?xml version="1.0" encoding="UTF-8"?>
<!-- Generated by org.testng.reporters.JUnitXMLReporter -->
<testsuite ignored="3" hostname="Ameet" failures="0" tests="3" name="Test(failed)" time="39.91" errors="0" timestamp="2024-12-16T12:45:03 IST">
  <testcase classname="testcases.RestAssured_TestCases_PL1" name="clashAppointmentTest" time="23.453"/>
  <testcase classname="testcases.RestAssured_TestCases_PL1" name="searchPatientTest" time="2.868"/>
  <testcase classname="testcases.RestAssured_TestCases_PL1" name="bookingListTest" time="1.21"/>
  <testcase classname="testcases.RestAssured_TestCases_PL1" name="getAllApplicableDoctorsTest" time="0.0">
    <ignored/>
  </testcase> <!-- getAllApplicableDoctorsTest -->
  <testcase classname="testcases.RestAssured_TestCases_PL1" name="cancelAppointmentTest" time="0.0">
    <ignored/>
  </testcase> <!-- cancelAppointmentTest -->
  <testcase classname="testcases.RestAssured_TestCases_PL1" name="createAppointmentTest" time="0.0">
    <ignored/>
  </testcase> <!-- createAppointmentTest -->
</testsuite> <!-- Test(failed) -->
