<?xml version="1.0" encoding="UTF-8"?>
<testng-results ignored="0" total="2" passed="2" failed="0" skipped="0">
  <reporter-output>
  </reporter-output>
  <suite started-at="2024-12-06T11:51:12 IST" name="Suite" finished-at="2024-12-06T11:51:46 IST" duration-ms="34964">
    <groups>
      <group name="PL1">
        <method signature="RestAssured_TestCases_PL1.createAppointmentTest()[pri:1, instance:testcases.RestAssured_TestCases_PL1@3a393455]" name="createAppointmentTest" class="testcases.RestAssured_TestCases_PL1"/>
        <method signature="RestAssured_TestCases_PL1.getAllApplicableDoctorsTest()[pri:2, instance:testcases.RestAssured_TestCases_PL1@3a393455]" name="getAllApplicableDoctorsTest" class="testcases.RestAssured_TestCases_PL1"/>
      </group> <!-- PL1 -->
    </groups>
    <test started-at="2024-12-06T11:51:12 IST" name="Test" finished-at="2024-12-06T11:51:46 IST" duration-ms="34964">
      <class name="testcases.RestAssured_TestCases_PL1">
        <test-method signature="createAppointmentTest()[pri:1, instance:testcases.RestAssured_TestCases_PL1@3a393455]" started-at="2024-12-06T11:51:12 IST" name="createAppointmentTest" description="Precondition: Create an appointment via the API
1. Send POST request to create a new appointment with provided data
2. Verify the response status code is 200 OK
3. Validate the response contains &#039;Status&#039; as &#039;OK&#039;
4. Retrieve and validate the Appointment ID from the response" finished-at="2024-12-06T11:51:30 IST" duration-ms="17958" status="PASS">
          <reporter-output>
          </reporter-output>
        </test-method> <!-- createAppointmentTest -->
        <test-method signature="getAllApplicableDoctorsTest()[pri:2, instance:testcases.RestAssured_TestCases_PL1@3a393455]" started-at="2024-12-06T11:51:35 IST" name="getAllApplicableDoctorsTest" description="Precondition: Multiple applicable doctors must exist
1. Validate that the response contains list of Doctors
2. Verify the response status code is 200.
3. Verify Performer IDs are unique" finished-at="2024-12-06T11:51:42 IST" duration-ms="7373" status="PASS">
          <reporter-output>
          </reporter-output>
        </test-method> <!-- getAllApplicableDoctorsTest -->
      </class> <!-- testcases.RestAssured_TestCases_PL1 -->
    </test> <!-- Test -->
  </suite> <!-- Suite -->
</testng-results>
